0 info it worked if it ends with ok
1 verbose cli [ 'C:\\Program Files (x86)\\nodejs\\\\node.exe',
1 verbose cli   'C:\\Program Files (x86)\\nodejs\\node_modules\\npm\\bin\\npm-cli.js',
1 verbose cli   'install',
1 verbose cli   'hiredis' ]
2 info using npm@1.2.11
3 info using node@v0.8.20
4 verbose node symlink C:\Program Files (x86)\nodejs\\node.exe
5 verbose read json c:\git\RealTwitter\package.json
6 verbose read json c:\git\RealTwitter\node_modules\express\package.json
7 verbose read json c:\git\RealTwitter\node_modules\jade\package.json
8 verbose read json c:\git\RealTwitter\node_modules\node-redis-pubsub\package.json
9 verbose read json c:\git\RealTwitter\node_modules\redis\package.json
10 verbose read json c:\git\RealTwitter\node_modules\socket.io\package.json
11 verbose read json c:\git\RealTwitter\node_modules\twitter\package.json
12 verbose from cache c:\git\RealTwitter\package.json
13 verbose readDependencies using package.json deps
14 verbose cache add [ 'hiredis', null ]
15 verbose cache add name=undefined spec="hiredis" args=["hiredis",null]
16 verbose parsed url { pathname: 'hiredis', path: 'hiredis', href: 'hiredis' }
17 silly lockFile 66e3de35-hiredis hiredis
18 verbose lock hiredis C:\Users\francis.gilbert\AppData\Roaming\npm-cache\66e3de35-hiredis.lock
19 silly lockFile 66e3de35-hiredis hiredis
20 silly lockFile 66e3de35-hiredis hiredis
21 verbose addNamed [ 'hiredis', '' ]
22 verbose addNamed [ null, '' ]
23 silly lockFile dc014615-hiredis hiredis@
24 verbose lock hiredis@ C:\Users\francis.gilbert\AppData\Roaming\npm-cache\dc014615-hiredis.lock
25 silly addNameRange { name: 'hiredis', range: '', hasData: false }
26 verbose url raw hiredis
27 verbose url resolving [ 'https://registry.npmjs.org/', './hiredis' ]
28 verbose url resolved https://registry.npmjs.org/hiredis
29 info trying registry request attempt 1 at 15:08:26
30 http GET https://registry.npmjs.org/hiredis
31 http 200 https://registry.npmjs.org/hiredis
32 silly registry.get cb [ 200,
32 silly registry.get   { vary: 'Accept',
32 silly registry.get     server: 'CouchDB/1.3.0 (Erlang OTP/R15B03)',
32 silly registry.get     etag: '"5PUZHL6JCPPFTUZOAVINN8INC"',
32 silly registry.get     date: 'Thu, 25 Jul 2013 14:08:28 GMT',
32 silly registry.get     'content-type': 'application/json',
32 silly registry.get     'content-length': '14286' } ]
33 silly addNameRange number 2 { name: 'hiredis', range: '', hasData: true }
34 silly addNameRange versions [ 'hiredis',
34 silly addNameRange   [ '0.1.0',
34 silly addNameRange     '0.1.1',
34 silly addNameRange     '0.1.2',
34 silly addNameRange     '0.1.3',
34 silly addNameRange     '0.1.4',
34 silly addNameRange     '0.1.5',
34 silly addNameRange     '0.1.6',
34 silly addNameRange     '0.1.8',
34 silly addNameRange     '0.1.9',
34 silly addNameRange     '0.1.10',
34 silly addNameRange     '0.1.12',
34 silly addNameRange     '0.1.13',
34 silly addNameRange     '0.1.14',
34 silly addNameRange     '0.1.15' ] ]
35 verbose addNamed [ 'hiredis', '0.1.15' ]
36 verbose addNamed [ '0.1.15', '0.1.15' ]
37 silly lockFile 7ce4b3b8-hiredis-0-1-15 hiredis@0.1.15
38 verbose lock hiredis@0.1.15 C:\Users\francis.gilbert\AppData\Roaming\npm-cache\7ce4b3b8-hiredis-0-1-15.lock
39 silly lockFile c46fd54b-s-org-hiredis-hiredis-0-1-15-tgz https://registry.npmjs.org/hiredis/-/hiredis-0.1.15.tgz
40 verbose lock https://registry.npmjs.org/hiredis/-/hiredis-0.1.15.tgz C:\Users\francis.gilbert\AppData\Roaming\npm-cache\c46fd54b-s-org-hiredis-hiredis-0-1-15-tgz.lock
41 verbose addRemoteTarball [ 'https://registry.npmjs.org/hiredis/-/hiredis-0.1.15.tgz',
41 verbose addRemoteTarball   '00eb2205c85dcf50de838203e513896dc304dd49' ]
42 info retry fetch attempt 1 at 15:08:28
43 verbose fetch to= C:\Users\FRANCI~1.GIL\AppData\Local\Temp\npm-6940\1374761308529-0.5949282301589847\tmp.tgz
44 http GET https://registry.npmjs.org/hiredis/-/hiredis-0.1.15.tgz
45 http 200 https://registry.npmjs.org/hiredis/-/hiredis-0.1.15.tgz
46 silly shasum updated bytes 40960
47 silly shasum updated bytes 6471
48 info shasum 00eb2205c85dcf50de838203e513896dc304dd49
48 info shasum C:\Users\FRANCI~1.GIL\AppData\Local\Temp\npm-6940\1374761308529-0.5949282301589847\tmp.tgz
49 verbose tar unpack C:\Users\FRANCI~1.GIL\AppData\Local\Temp\npm-6940\1374761308529-0.5949282301589847\tmp.tgz
50 silly lockFile d29d9ba5-08529-0-5949282301589847-package C:\Users\FRANCI~1.GIL\AppData\Local\Temp\npm-6940\1374761308529-0.5949282301589847\package
51 verbose lock C:\Users\FRANCI~1.GIL\AppData\Local\Temp\npm-6940\1374761308529-0.5949282301589847\package C:\Users\francis.gilbert\AppData\Roaming\npm-cache\d29d9ba5-08529-0-5949282301589847-package.lock
52 silly lockFile 8b463afd-08529-0-5949282301589847-tmp-tgz C:\Users\FRANCI~1.GIL\AppData\Local\Temp\npm-6940\1374761308529-0.5949282301589847\tmp.tgz
53 verbose lock C:\Users\FRANCI~1.GIL\AppData\Local\Temp\npm-6940\1374761308529-0.5949282301589847\tmp.tgz C:\Users\francis.gilbert\AppData\Roaming\npm-cache\8b463afd-08529-0-5949282301589847-tmp-tgz.lock
54 silly gunzTarPerm modes [ '755', '644' ]
55 silly gunzTarPerm extractEntry package.json
56 silly gunzTarPerm extractEntry README.md
57 silly gunzTarPerm extractEntry bench.js
58 silly gunzTarPerm extractEntry hiredis.js
59 silly gunzTarPerm extractEntry binding.gyp
60 silly gunzTarPerm extractEntry COPYING
61 silly gunzTarPerm extractEntry deps/hiredis/README.md
62 silly gunzTarPerm extractEntry deps/hiredis/example.c
63 silly gunzTarPerm extractEntry deps/hiredis/async.h
64 silly gunzTarPerm extractEntry deps/hiredis/CHANGELOG.md
65 silly gunzTarPerm extractEntry deps/hiredis/COPYING
66 silly gunzTarPerm extractEntry deps/hiredis/dict.c
67 silly gunzTarPerm extractEntry deps/hiredis/dict.h
68 silly gunzTarPerm extractEntry deps/hiredis/example-ae.c
69 silly gunzTarPerm extractEntry deps/hiredis/example-libev.c
70 silly gunzTarPerm extractEntry deps/hiredis/example-libevent.c
71 silly gunzTarPerm extractEntry deps/hiredis/async.c
72 silly gunzTarPerm extractEntry deps/hiredis/fmacros.h
73 silly gunzTarPerm extractEntry deps/hiredis/hiredis.c
74 silly gunzTarPerm extractEntry deps/hiredis/hiredis.h
75 silly gunzTarPerm extractEntry deps/hiredis/Makefile
76 silly gunzTarPerm extractEntry deps/hiredis/net.c
77 silly gunzTarPerm extractEntry deps/hiredis/net.h
78 silly gunzTarPerm extractEntry deps/hiredis/adapters/ae.h
79 silly gunzTarPerm extractEntry deps/hiredis/adapters/libev.h
80 silly gunzTarPerm extractEntry deps/hiredis/adapters/libevent.h
81 silly gunzTarPerm extractEntry deps/hiredis/sds.c
82 silly gunzTarPerm extractEntry deps/hiredis/sds.h
83 silly gunzTarPerm extractEntry deps/hiredis/test.c
84 silly gunzTarPerm extractEntry deps/hiredis.gyp
85 silly gunzTarPerm extractEntry src/hiredis.cc
86 silly gunzTarPerm extractEntry src/reader.cc
87 silly gunzTarPerm extractEntry src/reader.h
88 silly gunzTarPerm extractEntry test/reader.js
89 verbose read json C:\Users\FRANCI~1.GIL\AppData\Local\Temp\npm-6940\1374761308529-0.5949282301589847\package\package.json
90 silly lockFile d29d9ba5-08529-0-5949282301589847-package C:\Users\FRANCI~1.GIL\AppData\Local\Temp\npm-6940\1374761308529-0.5949282301589847\package
91 silly lockFile d29d9ba5-08529-0-5949282301589847-package C:\Users\FRANCI~1.GIL\AppData\Local\Temp\npm-6940\1374761308529-0.5949282301589847\package
92 silly lockFile 8b463afd-08529-0-5949282301589847-tmp-tgz C:\Users\FRANCI~1.GIL\AppData\Local\Temp\npm-6940\1374761308529-0.5949282301589847\tmp.tgz
93 silly lockFile 8b463afd-08529-0-5949282301589847-tmp-tgz C:\Users\FRANCI~1.GIL\AppData\Local\Temp\npm-6940\1374761308529-0.5949282301589847\tmp.tgz
94 verbose from cache C:\Users\FRANCI~1.GIL\AppData\Local\Temp\npm-6940\1374761308529-0.5949282301589847\package\package.json
95 verbose tar pack [ 'C:\\Users\\francis.gilbert\\AppData\\Roaming\\npm-cache\\hiredis\\0.1.15\\package.tgz',
95 verbose tar pack   'C:\\Users\\FRANCI~1.GIL\\AppData\\Local\\Temp\\npm-6940\\1374761308529-0.5949282301589847\\package' ]
96 verbose tarball C:\Users\francis.gilbert\AppData\Roaming\npm-cache\hiredis\0.1.15\package.tgz
97 verbose folder C:\Users\FRANCI~1.GIL\AppData\Local\Temp\npm-6940\1374761308529-0.5949282301589847\package
98 silly lockFile d29d9ba5-08529-0-5949282301589847-package C:\Users\FRANCI~1.GIL\AppData\Local\Temp\npm-6940\1374761308529-0.5949282301589847\package
99 verbose lock C:\Users\FRANCI~1.GIL\AppData\Local\Temp\npm-6940\1374761308529-0.5949282301589847\package C:\Users\francis.gilbert\AppData\Roaming\npm-cache\d29d9ba5-08529-0-5949282301589847-package.lock
100 silly lockFile 508d99dc-cache-hiredis-0-1-15-package-tgz C:\Users\francis.gilbert\AppData\Roaming\npm-cache\hiredis\0.1.15\package.tgz
101 verbose lock C:\Users\francis.gilbert\AppData\Roaming\npm-cache\hiredis\0.1.15\package.tgz C:\Users\francis.gilbert\AppData\Roaming\npm-cache\508d99dc-cache-hiredis-0-1-15-package-tgz.lock
102 silly lockFile d29d9ba5-08529-0-5949282301589847-package C:\Users\FRANCI~1.GIL\AppData\Local\Temp\npm-6940\1374761308529-0.5949282301589847\package
103 silly lockFile d29d9ba5-08529-0-5949282301589847-package C:\Users\FRANCI~1.GIL\AppData\Local\Temp\npm-6940\1374761308529-0.5949282301589847\package
104 silly lockFile 508d99dc-cache-hiredis-0-1-15-package-tgz C:\Users\francis.gilbert\AppData\Roaming\npm-cache\hiredis\0.1.15\package.tgz
105 silly lockFile 508d99dc-cache-hiredis-0-1-15-package-tgz C:\Users\francis.gilbert\AppData\Roaming\npm-cache\hiredis\0.1.15\package.tgz
106 silly lockFile 731dbf2c-npm-cache-hiredis-0-1-15-package C:\Users\francis.gilbert\AppData\Roaming\npm-cache\hiredis\0.1.15\package
107 verbose lock C:\Users\francis.gilbert\AppData\Roaming\npm-cache\hiredis\0.1.15\package C:\Users\francis.gilbert\AppData\Roaming\npm-cache\731dbf2c-npm-cache-hiredis-0-1-15-package.lock
108 silly lockFile 731dbf2c-npm-cache-hiredis-0-1-15-package C:\Users\francis.gilbert\AppData\Roaming\npm-cache\hiredis\0.1.15\package
109 silly lockFile 731dbf2c-npm-cache-hiredis-0-1-15-package C:\Users\francis.gilbert\AppData\Roaming\npm-cache\hiredis\0.1.15\package
110 verbose tar unpack C:\Users\francis.gilbert\AppData\Roaming\npm-cache\hiredis\0.1.15\package.tgz
111 silly lockFile 731dbf2c-npm-cache-hiredis-0-1-15-package C:\Users\francis.gilbert\AppData\Roaming\npm-cache\hiredis\0.1.15\package
112 verbose lock C:\Users\francis.gilbert\AppData\Roaming\npm-cache\hiredis\0.1.15\package C:\Users\francis.gilbert\AppData\Roaming\npm-cache\731dbf2c-npm-cache-hiredis-0-1-15-package.lock
113 silly lockFile 508d99dc-cache-hiredis-0-1-15-package-tgz C:\Users\francis.gilbert\AppData\Roaming\npm-cache\hiredis\0.1.15\package.tgz
114 verbose lock C:\Users\francis.gilbert\AppData\Roaming\npm-cache\hiredis\0.1.15\package.tgz C:\Users\francis.gilbert\AppData\Roaming\npm-cache\508d99dc-cache-hiredis-0-1-15-package-tgz.lock
115 silly gunzTarPerm modes [ '755', '644' ]
116 silly gunzTarPerm extractEntry package.json
117 silly gunzTarPerm modified mode [ 'package.json', 438, 420 ]
118 silly gunzTarPerm extractEntry README.md
119 silly gunzTarPerm modified mode [ 'README.md', 438, 420 ]
120 silly gunzTarPerm extractEntry bench.js
121 silly gunzTarPerm modified mode [ 'bench.js', 438, 420 ]
122 silly gunzTarPerm extractEntry hiredis.js
123 silly gunzTarPerm modified mode [ 'hiredis.js', 438, 420 ]
124 silly gunzTarPerm extractEntry binding.gyp
125 silly gunzTarPerm modified mode [ 'binding.gyp', 438, 420 ]
126 silly gunzTarPerm extractEntry COPYING
127 silly gunzTarPerm modified mode [ 'COPYING', 438, 420 ]
128 silly gunzTarPerm extractEntry deps/hiredis/README.md
129 silly gunzTarPerm modified mode [ 'deps/hiredis/README.md', 438, 420 ]
130 silly gunzTarPerm extractEntry deps/hiredis/example.c
131 silly gunzTarPerm modified mode [ 'deps/hiredis/example.c', 438, 420 ]
132 silly gunzTarPerm extractEntry deps/hiredis/async.h
133 silly gunzTarPerm modified mode [ 'deps/hiredis/async.h', 438, 420 ]
134 silly gunzTarPerm extractEntry deps/hiredis/CHANGELOG.md
135 silly gunzTarPerm modified mode [ 'deps/hiredis/CHANGELOG.md', 438, 420 ]
136 silly gunzTarPerm extractEntry deps/hiredis/COPYING
137 silly gunzTarPerm modified mode [ 'deps/hiredis/COPYING', 438, 420 ]
138 silly gunzTarPerm extractEntry deps/hiredis/dict.c
139 silly gunzTarPerm modified mode [ 'deps/hiredis/dict.c', 438, 420 ]
140 silly gunzTarPerm extractEntry deps/hiredis/dict.h
141 silly gunzTarPerm modified mode [ 'deps/hiredis/dict.h', 438, 420 ]
142 silly gunzTarPerm extractEntry deps/hiredis/example-ae.c
143 silly gunzTarPerm modified mode [ 'deps/hiredis/example-ae.c', 438, 420 ]
144 silly gunzTarPerm extractEntry deps/hiredis/example-libev.c
145 silly gunzTarPerm modified mode [ 'deps/hiredis/example-libev.c', 438, 420 ]
146 silly gunzTarPerm extractEntry deps/hiredis/example-libevent.c
147 silly gunzTarPerm modified mode [ 'deps/hiredis/example-libevent.c', 438, 420 ]
148 silly gunzTarPerm extractEntry deps/hiredis/async.c
149 silly gunzTarPerm modified mode [ 'deps/hiredis/async.c', 438, 420 ]
150 silly gunzTarPerm extractEntry deps/hiredis/fmacros.h
151 silly gunzTarPerm modified mode [ 'deps/hiredis/fmacros.h', 438, 420 ]
152 silly gunzTarPerm extractEntry deps/hiredis/hiredis.c
153 silly gunzTarPerm modified mode [ 'deps/hiredis/hiredis.c', 438, 420 ]
154 silly gunzTarPerm extractEntry deps/hiredis/hiredis.h
155 silly gunzTarPerm modified mode [ 'deps/hiredis/hiredis.h', 438, 420 ]
156 silly gunzTarPerm extractEntry deps/hiredis/Makefile
157 silly gunzTarPerm modified mode [ 'deps/hiredis/Makefile', 438, 420 ]
158 silly gunzTarPerm extractEntry deps/hiredis/net.c
159 silly gunzTarPerm modified mode [ 'deps/hiredis/net.c', 438, 420 ]
160 silly gunzTarPerm extractEntry deps/hiredis/net.h
161 silly gunzTarPerm modified mode [ 'deps/hiredis/net.h', 438, 420 ]
162 silly gunzTarPerm extractEntry deps/hiredis/adapters/ae.h
163 silly gunzTarPerm modified mode [ 'deps/hiredis/adapters/ae.h', 438, 420 ]
164 silly gunzTarPerm extractEntry deps/hiredis/adapters/libev.h
165 silly gunzTarPerm modified mode [ 'deps/hiredis/adapters/libev.h', 438, 420 ]
166 silly gunzTarPerm extractEntry deps/hiredis/adapters/libevent.h
167 silly gunzTarPerm modified mode [ 'deps/hiredis/adapters/libevent.h', 438, 420 ]
168 silly gunzTarPerm extractEntry deps/hiredis/sds.c
169 silly gunzTarPerm modified mode [ 'deps/hiredis/sds.c', 438, 420 ]
170 silly gunzTarPerm extractEntry deps/hiredis/sds.h
171 silly gunzTarPerm modified mode [ 'deps/hiredis/sds.h', 438, 420 ]
172 silly gunzTarPerm extractEntry deps/hiredis/test.c
173 silly gunzTarPerm modified mode [ 'deps/hiredis/test.c', 438, 420 ]
174 silly gunzTarPerm extractEntry deps/hiredis.gyp
175 silly gunzTarPerm modified mode [ 'deps/hiredis.gyp', 438, 420 ]
176 silly gunzTarPerm extractEntry src/hiredis.cc
177 silly gunzTarPerm modified mode [ 'src/hiredis.cc', 438, 420 ]
178 silly gunzTarPerm extractEntry src/reader.cc
179 silly gunzTarPerm modified mode [ 'src/reader.cc', 438, 420 ]
180 silly gunzTarPerm extractEntry src/reader.h
181 silly gunzTarPerm modified mode [ 'src/reader.h', 438, 420 ]
182 silly gunzTarPerm extractEntry test/reader.js
183 silly gunzTarPerm modified mode [ 'test/reader.js', 438, 420 ]
184 verbose read json C:\Users\francis.gilbert\AppData\Roaming\npm-cache\hiredis\0.1.15\package\package.json
185 silly lockFile 731dbf2c-npm-cache-hiredis-0-1-15-package C:\Users\francis.gilbert\AppData\Roaming\npm-cache\hiredis\0.1.15\package
186 silly lockFile 731dbf2c-npm-cache-hiredis-0-1-15-package C:\Users\francis.gilbert\AppData\Roaming\npm-cache\hiredis\0.1.15\package
187 silly lockFile 508d99dc-cache-hiredis-0-1-15-package-tgz C:\Users\francis.gilbert\AppData\Roaming\npm-cache\hiredis\0.1.15\package.tgz
188 silly lockFile 508d99dc-cache-hiredis-0-1-15-package-tgz C:\Users\francis.gilbert\AppData\Roaming\npm-cache\hiredis\0.1.15\package.tgz
189 silly shasum updated bytes 40960
190 silly shasum updated bytes 6455
191 info shasum 2aedf97eef8fa664e6844b4688e4a8d40af097b3
191 info shasum C:\Users\francis.gilbert\AppData\Roaming\npm-cache\hiredis\0.1.15\package.tgz
192 verbose from cache C:\Users\francis.gilbert\AppData\Roaming\npm-cache\hiredis\0.1.15\package\package.json
193 verbose chmod C:\Users\francis.gilbert\AppData\Roaming\npm-cache\hiredis\0.1.15\package.tgz 644
194 silly chown skipping for windows C:\Users\francis.gilbert\AppData\Roaming\npm-cache\hiredis\0.1.15\package.tgz
195 silly lockFile c46fd54b-s-org-hiredis-hiredis-0-1-15-tgz https://registry.npmjs.org/hiredis/-/hiredis-0.1.15.tgz
196 silly lockFile c46fd54b-s-org-hiredis-hiredis-0-1-15-tgz https://registry.npmjs.org/hiredis/-/hiredis-0.1.15.tgz
197 silly lockFile 7ce4b3b8-hiredis-0-1-15 hiredis@0.1.15
198 silly lockFile 7ce4b3b8-hiredis-0-1-15 hiredis@0.1.15
199 silly lockFile dc014615-hiredis hiredis@
200 silly lockFile dc014615-hiredis hiredis@
201 silly resolved [ { name: 'hiredis',
201 silly resolved     description: 'Wrapper for reply processing code in hiredis',
201 silly resolved     version: '0.1.15',
201 silly resolved     homepage: 'http://github.com/pietern/hiredis-node',
201 silly resolved     author: { name: 'Pieter Noordhuis', email: 'pcnoordhuis@gmail.com' },
201 silly resolved     main: 'hiredis',
201 silly resolved     scripts: { test: 'node test/reader.js', install: 'node-gyp rebuild' },
201 silly resolved     dependencies: { bindings: '*' },
201 silly resolved     engines: { node: '>= 0.6.0' },
201 silly resolved     gypfile: true,
201 silly resolved     readme: '# hiredis-node\n\nNode extension that wraps [hiredis][hiredis].\nBecause Node is already good at doing I/O, hiredis-node only provides\nbindings to the protocol parser.\nThe hiredis protocol parser is faster than JavaScript protocol parsers,\nbut the speedup only becomes noticable for large replies.\nIf you use Redis for simple SET/GET operations, there won\'t be a big\nbenefit to using hiredis.\nIf you use Redis for big SUNION/SINTER/LRANGE/ZRANGE operations, the\nbenefit to using hiredis-node can be significant.\n\n[hiredis]: http://github.com/antirez/hiredis\n\n## Install\n\nInstall with [NPM][npm]:\n\n```\nnpm install hiredis\n```\n\n[npm]: https://npmjs.org/\n\n## Usage\n\nhiredis-node works out of the box with Matt Ranney\'s [node_redis][node_redis].\nThe latter has an optional dependency on hiredis-node, so maybe you\'re\nalready using it without knowing.\n\nAlternatively, you can use it directly:\n\n```javascript\nvar hiredis = require("hiredis"),\n    reader = new hiredis.Reader();\n\n// Data comes in\nreader.feed("$5\\r\\nhello\\r\\n");\n\n// Reply comes out\nreader.get() // => "hello"\n```\n\nInstead of returning strings for bulk payloads, it can also return\nbuffers:\n\n```javascript\nvar hiredis = require("hiredis"),\n    reader = new hiredis.Reader({ return_buffers: true });\n\n// Data comes in\nreader.feed("$5\\r\\nhello\\r\\n");\n\n// Reply comes out\nreader.get() // => <Buffer 68 65 6c 6c 6f>\n```\n\n[node_redis]: http://github.com/mranney/node_redis\n\n## License\n\nThis code is released under the BSD license, after the license of hiredis.\n',
201 silly resolved     readmeFilename: 'README.md',
201 silly resolved     _id: 'hiredis@0.1.15',
201 silly resolved     dist: { shasum: '2aedf97eef8fa664e6844b4688e4a8d40af097b3' },
201 silly resolved     _from: 'hiredis@',
201 silly resolved     _resolved: 'https://registry.npmjs.org/hiredis/-/hiredis-0.1.15.tgz' } ]
202 info install hiredis@0.1.15 into c:\git\RealTwitter
203 info installOne hiredis@0.1.15
204 verbose from cache C:\Users\francis.gilbert\AppData\Roaming\npm-cache\hiredis\0.1.15\package\package.json
205 info c:\git\RealTwitter\node_modules\hiredis unbuild
206 verbose read json c:\git\RealTwitter\node_modules\hiredis\package.json
207 verbose tar unpack C:\Users\francis.gilbert\AppData\Roaming\npm-cache\hiredis\0.1.15\package.tgz
208 silly lockFile 806b4980-RealTwitter-node-modules-hiredis c:\git\RealTwitter\node_modules\hiredis
209 verbose lock c:\git\RealTwitter\node_modules\hiredis C:\Users\francis.gilbert\AppData\Roaming\npm-cache\806b4980-RealTwitter-node-modules-hiredis.lock
210 silly lockFile 508d99dc-cache-hiredis-0-1-15-package-tgz C:\Users\francis.gilbert\AppData\Roaming\npm-cache\hiredis\0.1.15\package.tgz
211 verbose lock C:\Users\francis.gilbert\AppData\Roaming\npm-cache\hiredis\0.1.15\package.tgz C:\Users\francis.gilbert\AppData\Roaming\npm-cache\508d99dc-cache-hiredis-0-1-15-package-tgz.lock
212 silly gunzTarPerm modes [ '755', '644' ]
213 silly gunzTarPerm extractEntry package.json
214 silly gunzTarPerm modified mode [ 'package.json', 438, 420 ]
215 silly gunzTarPerm extractEntry README.md
216 silly gunzTarPerm modified mode [ 'README.md', 438, 420 ]
217 silly gunzTarPerm extractEntry bench.js
218 silly gunzTarPerm modified mode [ 'bench.js', 438, 420 ]
219 silly gunzTarPerm extractEntry hiredis.js
220 silly gunzTarPerm modified mode [ 'hiredis.js', 438, 420 ]
221 silly gunzTarPerm extractEntry binding.gyp
222 silly gunzTarPerm modified mode [ 'binding.gyp', 438, 420 ]
223 silly gunzTarPerm extractEntry COPYING
224 silly gunzTarPerm modified mode [ 'COPYING', 438, 420 ]
225 silly gunzTarPerm extractEntry deps/hiredis/README.md
226 silly gunzTarPerm modified mode [ 'deps/hiredis/README.md', 438, 420 ]
227 silly gunzTarPerm extractEntry deps/hiredis/example.c
228 silly gunzTarPerm modified mode [ 'deps/hiredis/example.c', 438, 420 ]
229 silly gunzTarPerm extractEntry deps/hiredis/async.h
230 silly gunzTarPerm modified mode [ 'deps/hiredis/async.h', 438, 420 ]
231 silly gunzTarPerm extractEntry deps/hiredis/CHANGELOG.md
232 silly gunzTarPerm modified mode [ 'deps/hiredis/CHANGELOG.md', 438, 420 ]
233 silly gunzTarPerm extractEntry deps/hiredis/COPYING
234 silly gunzTarPerm modified mode [ 'deps/hiredis/COPYING', 438, 420 ]
235 silly gunzTarPerm extractEntry deps/hiredis/dict.c
236 silly gunzTarPerm modified mode [ 'deps/hiredis/dict.c', 438, 420 ]
237 silly gunzTarPerm extractEntry deps/hiredis/dict.h
238 silly gunzTarPerm modified mode [ 'deps/hiredis/dict.h', 438, 420 ]
239 silly gunzTarPerm extractEntry deps/hiredis/example-ae.c
240 silly gunzTarPerm modified mode [ 'deps/hiredis/example-ae.c', 438, 420 ]
241 silly gunzTarPerm extractEntry deps/hiredis/example-libev.c
242 silly gunzTarPerm modified mode [ 'deps/hiredis/example-libev.c', 438, 420 ]
243 silly gunzTarPerm extractEntry deps/hiredis/example-libevent.c
244 silly gunzTarPerm modified mode [ 'deps/hiredis/example-libevent.c', 438, 420 ]
245 silly gunzTarPerm extractEntry deps/hiredis/async.c
246 silly gunzTarPerm modified mode [ 'deps/hiredis/async.c', 438, 420 ]
247 silly gunzTarPerm extractEntry deps/hiredis/fmacros.h
248 silly gunzTarPerm modified mode [ 'deps/hiredis/fmacros.h', 438, 420 ]
249 silly gunzTarPerm extractEntry deps/hiredis/hiredis.c
250 silly gunzTarPerm modified mode [ 'deps/hiredis/hiredis.c', 438, 420 ]
251 silly gunzTarPerm extractEntry deps/hiredis/hiredis.h
252 silly gunzTarPerm modified mode [ 'deps/hiredis/hiredis.h', 438, 420 ]
253 silly gunzTarPerm extractEntry deps/hiredis/Makefile
254 silly gunzTarPerm modified mode [ 'deps/hiredis/Makefile', 438, 420 ]
255 silly gunzTarPerm extractEntry deps/hiredis/net.c
256 silly gunzTarPerm modified mode [ 'deps/hiredis/net.c', 438, 420 ]
257 silly gunzTarPerm extractEntry deps/hiredis/net.h
258 silly gunzTarPerm modified mode [ 'deps/hiredis/net.h', 438, 420 ]
259 silly gunzTarPerm extractEntry deps/hiredis/adapters/ae.h
260 silly gunzTarPerm modified mode [ 'deps/hiredis/adapters/ae.h', 438, 420 ]
261 silly gunzTarPerm extractEntry deps/hiredis/adapters/libev.h
262 silly gunzTarPerm modified mode [ 'deps/hiredis/adapters/libev.h', 438, 420 ]
263 silly gunzTarPerm extractEntry deps/hiredis/adapters/libevent.h
264 silly gunzTarPerm modified mode [ 'deps/hiredis/adapters/libevent.h', 438, 420 ]
265 silly gunzTarPerm extractEntry deps/hiredis/sds.c
266 silly gunzTarPerm modified mode [ 'deps/hiredis/sds.c', 438, 420 ]
267 silly gunzTarPerm extractEntry deps/hiredis/sds.h
268 silly gunzTarPerm modified mode [ 'deps/hiredis/sds.h', 438, 420 ]
269 silly gunzTarPerm extractEntry deps/hiredis/test.c
270 silly gunzTarPerm modified mode [ 'deps/hiredis/test.c', 438, 420 ]
271 silly gunzTarPerm extractEntry deps/hiredis.gyp
272 silly gunzTarPerm modified mode [ 'deps/hiredis.gyp', 438, 420 ]
273 silly gunzTarPerm extractEntry src/hiredis.cc
274 silly gunzTarPerm modified mode [ 'src/hiredis.cc', 438, 420 ]
275 silly gunzTarPerm extractEntry src/reader.cc
276 silly gunzTarPerm modified mode [ 'src/reader.cc', 438, 420 ]
277 silly gunzTarPerm extractEntry src/reader.h
278 silly gunzTarPerm modified mode [ 'src/reader.h', 438, 420 ]
279 silly gunzTarPerm extractEntry test/reader.js
280 silly gunzTarPerm modified mode [ 'test/reader.js', 438, 420 ]
281 verbose read json c:\git\RealTwitter\node_modules\hiredis\package.json
282 silly lockFile 806b4980-RealTwitter-node-modules-hiredis c:\git\RealTwitter\node_modules\hiredis
283 silly lockFile 806b4980-RealTwitter-node-modules-hiredis c:\git\RealTwitter\node_modules\hiredis
284 silly lockFile 508d99dc-cache-hiredis-0-1-15-package-tgz C:\Users\francis.gilbert\AppData\Roaming\npm-cache\hiredis\0.1.15\package.tgz
285 silly lockFile 508d99dc-cache-hiredis-0-1-15-package-tgz C:\Users\francis.gilbert\AppData\Roaming\npm-cache\hiredis\0.1.15\package.tgz
286 info preinstall hiredis@0.1.15
287 verbose from cache c:\git\RealTwitter\node_modules\hiredis\package.json
288 verbose readDependencies using package.json deps
289 verbose from cache c:\git\RealTwitter\node_modules\hiredis\package.json
290 verbose readDependencies using package.json deps
291 verbose cache add [ 'bindings@*', null ]
292 verbose cache add name=undefined spec="bindings@*" args=["bindings@*",null]
293 verbose parsed url { pathname: 'bindings@*',
293 verbose parsed url   path: 'bindings@*',
293 verbose parsed url   href: 'bindings@*' }
294 verbose cache add name="bindings" spec="*" args=["bindings","*"]
295 verbose parsed url { pathname: '*', path: '*', href: '*' }
296 verbose addNamed [ 'bindings', '*' ]
297 verbose addNamed [ null, '' ]
298 silly lockFile a3858fc2-bindings bindings@*
299 verbose lock bindings@* C:\Users\francis.gilbert\AppData\Roaming\npm-cache\a3858fc2-bindings.lock
300 silly addNameRange { name: 'bindings', range: '', hasData: false }
301 verbose url raw bindings
302 verbose url resolving [ 'https://registry.npmjs.org/', './bindings' ]
303 verbose url resolved https://registry.npmjs.org/bindings
304 info trying registry request attempt 1 at 15:08:30
305 verbose etag "7XQRO94WP9TZJP1WZGUS3P5I4"
306 http GET https://registry.npmjs.org/bindings
307 http 304 https://registry.npmjs.org/bindings
308 silly registry.get cb [ 304,
308 silly registry.get   { server: 'CouchDB/1.3.0 (Erlang OTP/R15B03)',
308 silly registry.get     etag: '"7XQRO94WP9TZJP1WZGUS3P5I4"',
308 silly registry.get     date: 'Thu, 25 Jul 2013 14:08:31 GMT',
308 silly registry.get     'content-length': '0' } ]
309 verbose etag bindings from cache
310 silly addNameRange number 2 { name: 'bindings', range: '', hasData: true }
311 silly addNameRange versions [ 'bindings',
311 silly addNameRange   [ '0.0.1',
311 silly addNameRange     '0.1.0',
311 silly addNameRange     '0.1.1',
311 silly addNameRange     '0.2.0',
311 silly addNameRange     '0.2.1',
311 silly addNameRange     '0.2.2',
311 silly addNameRange     '0.2.3',
311 silly addNameRange     '0.2.4',
311 silly addNameRange     '0.3.0',
311 silly addNameRange     '0.4.0',
311 silly addNameRange     '1.0.0',
311 silly addNameRange     '1.1.0',
311 silly addNameRange     '1.1.1' ] ]
312 verbose addNamed [ 'bindings', '1.1.1' ]
313 verbose addNamed [ '1.1.1', '1.1.1' ]
314 silly lockFile 52dd60a7-bindings-1-1-1 bindings@1.1.1
315 verbose lock bindings@1.1.1 C:\Users\francis.gilbert\AppData\Roaming\npm-cache\52dd60a7-bindings-1-1-1.lock
316 verbose read json C:\Users\francis.gilbert\AppData\Roaming\npm-cache\bindings\1.1.1\package\package.json
317 silly lockFile 52dd60a7-bindings-1-1-1 bindings@1.1.1
318 silly lockFile 52dd60a7-bindings-1-1-1 bindings@1.1.1
319 silly lockFile a3858fc2-bindings bindings@*
320 silly lockFile a3858fc2-bindings bindings@*
321 silly resolved [ { name: 'bindings',
321 silly resolved     description: 'Helper module for loading your native module\'s .node file',
321 silly resolved     keywords: [ 'native', 'addon', 'bindings', 'gyp', 'waf', 'c', 'c++' ],
321 silly resolved     version: '1.1.1',
321 silly resolved     author:
321 silly resolved      { name: 'Nathan Rajlich',
321 silly resolved        email: 'nathan@tootallnate.net',
321 silly resolved        url: 'http://tootallnate.net' },
321 silly resolved     repository:
321 silly resolved      { type: 'git',
321 silly resolved        url: 'git://github.com/TooTallNate/node-bindings.git' },
321 silly resolved     main: './bindings.js',
321 silly resolved     readme: 'node-bindings\n=============\n### Helper module for loading your native module\'s .node file\n\nThis is a helper module for authors of Node.js native addon modules.\nIt is basically the "swiss army knife" of `require()`ing your native module\'s\n`.node` file.\n\nThroughout the course of Node\'s native addon history, addons have ended up being\ncompiled in a variety of different places, depending on which build tool and which\nversion of node was used. To make matters worse, now the _gyp_ build tool can\nproduce either a _Release_ or _Debug_ build, each being built into different\nlocations.\n\nThis module checks _all_ the possible locations that a native addon would be built\nat, and returns the first one that loads successfully.\n\n\nInstallation\n------------\n\nInstall with `npm`:\n\n``` bash\n$ npm install bindings\n```\n\nOr add it to the `"dependencies"` section of your _package.json_ file.\n\n\nExample\n-------\n\n`require()`ing the proper bindings file for the current node version, platform\nand architecture is as simple as:\n\n``` js\nvar bindings = require(\'bindings\')(\'binding.node\')\n\n// Use your bindings defined in your C files\nbindings.your_c_function()\n```\n\n\nNice Error Output\n-----------------\n\nWhen the `.node` file could not be loaded, `node-bindings` throws an Error with\na nice error message telling you exactly what was tried. You can also check the\n`err.tries` Array property.\n\n```\nError: Could not load the bindings file. Tried:\n → /Users/nrajlich/ref/build/binding.node\n → /Users/nrajlich/ref/build/Debug/binding.node\n → /Users/nrajlich/ref/build/Release/binding.node\n → /Users/nrajlich/ref/out/Debug/binding.node\n → /Users/nrajlich/ref/Debug/binding.node\n → /Users/nrajlich/ref/out/Release/binding.node\n → /Users/nrajlich/ref/Release/binding.node\n → /Users/nrajlich/ref/build/default/binding.node\n → /Users/nrajlich/ref/compiled/0.8.2/darwin/x64/binding.node\n    at bindings (/Users/nrajlich/ref/node_modules/bindings/bindings.js:84:13)\n    at Object.<anonymous> (/Users/nrajlich/ref/lib/ref.js:5:47)\n    at Module._compile (module.js:449:26)\n    at Object.Module._extensions..js (module.js:467:10)\n    at Module.load (module.js:356:32)\n    at Function.Module._load (module.js:312:12)\n    ...\n```\n\n\nLicense\n-------\n\n(The MIT License)\n\nCopyright (c) 2012 Nathan Rajlich &lt;nathan@tootallnate.net&gt;\n\nPermission is hereby granted, free of charge, to any person obtaining\na copy of this software and associated documentation files (the\n\'Software\'), to deal in the Software without restriction, including\nwithout limitation the rights to use, copy, modify, merge, publish,\ndistribute, sublicense, and/or sell copies of the Software, and to\npermit persons to whom the Software is furnished to do so, subject to\nthe following conditions:\n\nThe above copyright notice and this permission notice shall be\nincluded in all copies or substantial portions of the Software.\n\nTHE SOFTWARE IS PROVIDED \'AS IS\', WITHOUT WARRANTY OF ANY KIND,\nEXPRESS OR IMPLIED, INCLUDING BUT NOT LIMITED TO THE WARRANTIES OF\nMERCHANTABILITY, FITNESS FOR A PARTICULAR PURPOSE AND NONINFRINGEMENT.\nIN NO EVENT SHALL THE AUTHORS OR COPYRIGHT HOLDERS BE LIABLE FOR ANY\nCLAIM, DAMAGES OR OTHER LIABILITY, WHETHER IN AN ACTION OF CONTRACT,\nTORT OR OTHERWISE, ARISING FROM, OUT OF OR IN CONNECTION WITH THE\nSOFTWARE OR THE USE OR OTHER DEALINGS IN THE SOFTWARE.\n',
321 silly resolved     readmeFilename: 'README.md',
321 silly resolved     _id: 'bindings@1.1.1',
321 silly resolved     _from: 'bindings@*' } ]
322 info install bindings@1.1.1 into c:\git\RealTwitter\node_modules\hiredis
323 info installOne bindings@1.1.1
324 verbose from cache C:\Users\francis.gilbert\AppData\Roaming\npm-cache\bindings\1.1.1\package\package.json
325 info c:\git\RealTwitter\node_modules\hiredis\node_modules\bindings unbuild
326 verbose read json c:\git\RealTwitter\node_modules\hiredis\node_modules\bindings\package.json
327 verbose tar unpack C:\Users\francis.gilbert\AppData\Roaming\npm-cache\bindings\1.1.1\package.tgz
328 silly lockFile e0230502-es-hiredis-node-modules-bindings c:\git\RealTwitter\node_modules\hiredis\node_modules\bindings
329 verbose lock c:\git\RealTwitter\node_modules\hiredis\node_modules\bindings C:\Users\francis.gilbert\AppData\Roaming\npm-cache\e0230502-es-hiredis-node-modules-bindings.lock
330 silly lockFile 58ce267e-cache-bindings-1-1-1-package-tgz C:\Users\francis.gilbert\AppData\Roaming\npm-cache\bindings\1.1.1\package.tgz
331 verbose lock C:\Users\francis.gilbert\AppData\Roaming\npm-cache\bindings\1.1.1\package.tgz C:\Users\francis.gilbert\AppData\Roaming\npm-cache\58ce267e-cache-bindings-1-1-1-package-tgz.lock
332 silly gunzTarPerm modes [ '755', '644' ]
333 silly gunzTarPerm extractEntry package.json
334 silly gunzTarPerm modified mode [ 'package.json', 438, 420 ]
335 silly gunzTarPerm extractEntry README.md
336 silly gunzTarPerm modified mode [ 'README.md', 438, 420 ]
337 silly gunzTarPerm extractEntry bindings.js
338 silly gunzTarPerm modified mode [ 'bindings.js', 438, 420 ]
339 verbose read json c:\git\RealTwitter\node_modules\hiredis\node_modules\bindings\package.json
340 silly lockFile e0230502-es-hiredis-node-modules-bindings c:\git\RealTwitter\node_modules\hiredis\node_modules\bindings
341 silly lockFile e0230502-es-hiredis-node-modules-bindings c:\git\RealTwitter\node_modules\hiredis\node_modules\bindings
342 silly lockFile 58ce267e-cache-bindings-1-1-1-package-tgz C:\Users\francis.gilbert\AppData\Roaming\npm-cache\bindings\1.1.1\package.tgz
343 silly lockFile 58ce267e-cache-bindings-1-1-1-package-tgz C:\Users\francis.gilbert\AppData\Roaming\npm-cache\bindings\1.1.1\package.tgz
344 info preinstall bindings@1.1.1
345 verbose from cache c:\git\RealTwitter\node_modules\hiredis\node_modules\bindings\package.json
346 verbose readDependencies using package.json deps
347 verbose from cache c:\git\RealTwitter\node_modules\hiredis\node_modules\bindings\package.json
348 verbose readDependencies using package.json deps
349 silly resolved []
350 verbose about to build c:\git\RealTwitter\node_modules\hiredis\node_modules\bindings
351 info build c:\git\RealTwitter\node_modules\hiredis\node_modules\bindings
352 verbose from cache c:\git\RealTwitter\node_modules\hiredis\node_modules\bindings\package.json
353 verbose linkStuff [ false,
353 verbose linkStuff   false,
353 verbose linkStuff   false,
353 verbose linkStuff   'c:\\git\\RealTwitter\\node_modules\\hiredis\\node_modules' ]
354 info linkStuff bindings@1.1.1
355 verbose linkBins bindings@1.1.1
356 verbose linkMans bindings@1.1.1
357 verbose rebuildBundles bindings@1.1.1
358 info install bindings@1.1.1
359 info postinstall bindings@1.1.1
360 verbose about to build c:\git\RealTwitter\node_modules\hiredis
361 info build c:\git\RealTwitter\node_modules\hiredis
362 verbose from cache c:\git\RealTwitter\node_modules\hiredis\package.json
363 verbose linkStuff [ false, false, false, 'c:\\git\\RealTwitter\\node_modules' ]
364 info linkStuff hiredis@0.1.15
365 verbose linkBins hiredis@0.1.15
366 verbose linkMans hiredis@0.1.15
367 verbose rebuildBundles hiredis@0.1.15
368 verbose rebuildBundles [ 'bindings' ]
369 info install hiredis@0.1.15
370 verbose unsafe-perm in lifecycle true
371 silly exec cmd "/c" "node-gyp rebuild"
372 silly cmd,/c,node-gyp rebuild,c:\git\RealTwitter\node_modules\hiredis spawning
373 info hiredis@0.1.15 Failed to exec install script
374 info c:\git\RealTwitter\node_modules\hiredis unbuild
375 verbose from cache c:\git\RealTwitter\node_modules\hiredis\package.json
376 info preuninstall hiredis@0.1.15
377 info uninstall hiredis@0.1.15
378 verbose true,c:\git\RealTwitter\node_modules,c:\git\RealTwitter\node_modules unbuild hiredis@0.1.15
379 info postuninstall hiredis@0.1.15
380 error hiredis@0.1.15 install: `node-gyp rebuild`
380 error `cmd "/c" "node-gyp rebuild"` failed with 1
381 error Failed at the hiredis@0.1.15 install script.
381 error This is most likely a problem with the hiredis package,
381 error not with npm itself.
381 error Tell the author that this fails on your system:
381 error     node-gyp rebuild
381 error You can get their info via:
381 error     npm owner ls hiredis
381 error There is likely additional logging output above.
382 error System Windows_NT 6.1.7601
383 error command "C:\\Program Files (x86)\\nodejs\\\\node.exe" "C:\\Program Files (x86)\\nodejs\\node_modules\\npm\\bin\\npm-cli.js" "install" "hiredis"
384 error cwd c:\git\RealTwitter
385 error node -v v0.8.20
386 error npm -v 1.2.11
387 error code ELIFECYCLE
388 verbose exit [ 1, true ]
